[16:22:45]
[16:22:45]--- 连接时间 2016年 十二月 20日 星期二, 下午 4:22 ---
[16:22:45]Connecting...
[16:22:45]n
[16:22:45]ysh
[16:22:45]
[16:22:45]                  ☆☆☆☆☆☆☆☆☆☆☆☆☆☆☆☆
[16:22:45]                ☆ 飞雪连天射白鹿，笑书神侠倚碧鸳 ☆
[16:22:45]                  ☆☆☆☆☆☆☆☆☆☆☆☆☆☆☆☆
[16:22:45]                   本游戏参考金庸武侠系列小说编写     
[16:22:45]
[16:22:45]                ----====   北  大  侠  客  行  ====----
[16:22:45]　　　    ___________________________________________________
[16:22:45]
[16:22:45]    ∷∷∷∷∷∷∷∷∷∷∷∷∷∷∷∷∷∷∷∷∷∷∷∷∷∷∷∷∷∷∷∷∷
[16:22:45]    ∷∷　　　　　　　　　　　　　　　　　　　　　　　　　　　　　∷∷
[16:22:45]    ∷∷　     我的mud生涯，没有第一高手的辉煌，没有痴心长情的爱  ∷∷
[16:22:45]    ∷∷　 恋，没有快意恩仇的潇洒，没有夕阳西下的落寞。回忆起来， ∷∷
[16:22:45]    ∷∷　 也不是什么愉快的过程，但是，我想我并不后悔。    　   　∷∷   
[16:22:45]    ∷∷                                                          ∷∷
[16:22:45]    ∷∷　　   人的一生，有几个能够脱身事外，神交千里的，又有几   ∷∷
[16:22:45]    ∷∷　 个素未谋面，可借此头的？我喜欢偶尔在这个世界里出现，   ∷∷
[16:22:45]    ∷∷　 因为在这里，我们也许欢笑一堂，也许睚眦必报，但是我们   ∷∷
[16:22:45]    ∷∷　 都没有那么虚伪，我们活得不累。娱乐存在的意义，不在于   ∷∷
[16:22:45]    ∷∷　 它给我欢乐，而在于它给了我空间，尽管这空间是虚拟的，   ∷∷
[16:22:45]    ∷∷　 但感情是真实的，这恰恰与现实世界相反――岂不怪哉？       ∷∷
[16:22:45]    ∷∷                                                          ∷∷
[16:22:45]    ∷∷　　　 　　　　　　　　　　　　　  -- by guodalu@pkuxkx　 ∷∷
[16:22:45]    ∷∷∷∷∷∷∷∷∷∷∷∷∷∷∷∷∷∷∷∷∷∷∷∷∷∷∷∷∷∷∷∷∷      
[16:22:45]        直连    pkuxkx.net 8080/5555/8081/8082  
[16:22:45]        官方QQ群        152814678       
[16:22:45]        主页    http://www.pkuxkx.net/    
[16:22:45]             （论坛临时地址：http://www.pkuxkx.net:9999/forum/index.php，fullme的时候也请在显示地址后面自行加:9999）
[16:22:45]                       最新改动请用 news new 察看。
[16:22:45]北大侠客行已经执行了二天十六小时三十八分三十四秒。
[16:22:45]目前为止,北大侠客行已经有七百四十八万二千五百七十二人次访问
[16:22:45]目前共有 199 位玩家在线上，以及 7 位使用者尝试连线中。
[16:22:45]
[16:22:45]您的英文名字（要注册新人物请输入new）：对不起，你的英文名字必须是 3 到 12 个英文字母。
[16:22:52]19890305zz
[16:22:52]您的英文名字：此ID档案已存在，请输入密码：
[16:22:52]重新连线完毕。
[16:22:57]l
[16:22:58]>                           客店二楼             
[16:22:58]                             〓     
[16:22:58]                 北大街-----客店               
[16:22:58]                                    
[16:22:58]                                               
[16:22:58]
[16:22:58]客店 - 
[16:22:58]
[16:22:58]    这是一家价钱低廉的客栈，生意非常兴隆。外地游客多选择这里落脚，你可
[16:22:58]以在这里打听到各地的风土人情。店小二里里外外忙得团团转，接待着南腔北调
[16:22:58]的客人。客店的主人从不露面，他究竟是谁，有各种各样的猜测。墙上挂着一个
[16:22:58]牌子(paizi)。
[16:22:58]    你可以看看(look):paizi
[16:22:58]
[16:22:58]    这里明显的出口是 west 和 up。
[16:22:58]
[16:22:58]    客店留言板(Board) [ 157 张留言，157 张未读 ]
[16:22:58]    武学大师 剑胆琴心 Ｖ渡钻(Duzuan)
[16:22:58]    武学大师 飞剑客 渡铜(Dutong)
[16:22:58]    丐帮九袋长老「天宝兔车行」叮叮兔(Dingdingtu)
[16:22:58]    天眷者 天福镖局少镖头 Ｖ蟾宫主人(Hamawz)
[16:22:58]    善人 天龙寺第十五代弟子「天宝兔车行」Ｖ本醉(Ttcnwai)
[16:22:58]    武学大师 月夜人屠 渡银(Duyin)
[16:22:58]    绝情谷长老「镜子镜子谁是世界上最美的妞？」美妞一霖(Mnyilin)
[16:22:58]    武学大师 银钩铁划 Ｖ渡金(Dujin)
[16:22:58]    江南东路安抚使 Ｖ莫小贝(Marsh)
[16:22:58]    武学大师 飞马镖局总镖头 Ｖ渡白(Chienyy)
[16:22:58]    大漠孤鸿「轻剑惊鸿藏锋重剑大巧不工」Ｖ光头强(Nri)
[16:22:58]    店小二(Xiao er)
[16:22:58]    节日使者 天神随从(Tianshen suicong)
[16:22:58]    日月神教 引路人 荆四慕(Jing simu)
[16:22:58]> 渡人身穿布衣走了过来。
[16:22:58]渡人往上离开。
[16:22:59]hp
[16:22:59]≡━━━━━━━━━━━━━━━━━━━━━━━━━━━━━━━━≡
[16:22:59]【 精神 】 122   / 122    [100%]  【 精力 】 91    / 91    (+   0)
[16:22:59]【 气血 】 153   / 153    [100%]  【 内力 】 108   / 108   (+   0)
[16:22:59]【 食物 】 360   / 400    [缺食]  【 潜能 】 7041              
[16:22:59]【 饮水 】 326   / 400    [缺水]  【 经验 】 1000              
[16:22:59]【 状态 】 健康
[16:22:59]≡━━━━━━━━━━━━━━━━━━━━━━━◎北大侠客行◎━━≡
[16:23:01]i
[16:23:01]> ┌──────────────────────────────────────────────────┐
[16:23:01]│        你身上带着四件东西          (负重  1%)：                                                    │
[16:23:01]├───────────────────────[装  备]───────────────────────┤
[16:23:01]│                                 -- [帽子]__      __[副兵] --                                 │
[16:23:01]│                                 -- [护面]__    o  o ☆ __[护腕] --                                 │
[16:23:01]│                                 -- [披风]__   y濞y __[手套] --                                 │
[16:23:01]│                                 -- [护肩]__ |Ψ   __[铠甲] --                                 │
[16:23:01]│                      白绸衫   (+3) [衣服]__ y __[护肩] --                                 │
[16:23:01]│                                 -- [腰带]__   T     __[盾牌] --                                 │
[16:23:01]│                                 -- [主兵]__ ★禁   __[护腿] --                                 │
[16:23:01]│                                 -- [护腿]__ {  { __[鞋子] 三寸金莲   (+1)                    │
[16:23:01]├───────────────────────[饰  品]───────────────────────┤
[16:23:01]│  Ψ[项链]                   --                                      --                   [护心]・  │
[16:23:01]│  ★[戒指]                   --                                      --                   [戒指]☆  │
[16:23:01]├───────────────────────[其  它]───────────────────────┤
[16:23:01]│路引(Lu yin)                                      锦囊(Jin nang)                                    │
[16:23:01]t──────────────────────────────────────────────────s
[16:23:11]> 【任务】北大侠客行任务榜: 侠客榜任务还有一分钟重新分配！
[16:23:11]【任务】北大侠客行任务榜: 本次侠客榜门派争胜的胜利者是:明教!!
[16:23:11]【任务】北大侠客行任务榜: 明教所有弟子在接下来四小时内所有主流任务奖励增加两成!!掉宝率提高两成。
[16:23:11]【任务】北大侠客行任务榜: 明教门派威望提高五点。
[16:23:19]渡人身穿布衣走了过来。
[16:23:19]渡人往西离开。
[16:23:19]【谣言】某人: 慕容小虾护的镖被劫匪劫去了！
[16:23:29]【谣言】某人: 慕容彪护的镖被劫匪劫去了！
[16:23:30]【江湖】渡八枫对Ｖ渡枫大叫：救命哪！救救我啊！(windury daxia || help! windury)
[16:23:41]本心连线进入这个世界。
[16:23:42]店小二笑咪咪地说道：这位小师父，进来喝杯茶，歇歇腿吧。
[16:23:45]本心往西离开。
[16:23:53]score
[16:23:53]hp
[16:23:53]jifa
[16:23:53]cha
[16:23:53]所有模块加载成功！
[16:23:53]欢迎使用XKX RBT FOR MUSHCLIENT VER.2.0.0
[16:23:53]本RBT由Michen按照Kiss版本zmud7.21完整重写而成
[16:23:53]目前实现了XX、BT、GM、GB、QZ、HS、SL、XS、EM、WD和DL MP+FJ+LW+XUE+CHONGMAI+XINFA+FTB功能
[16:23:53]欢迎测试和提报BUG。
[16:23:53]≡━◎个人档案◎━━━━━━━━━━━━━━━━━━━━━━━━≡
[16:23:53]
[16:23:53]【 女剑童 】华山派女剑童 易水寒(Ysh)
[16:23:53]
[16:23:53] 你是一位十四岁的未婚女性人类，丙申年九月二十二日午时三刻生。
[16:23:53]
[16:23:53] 膂力：[ 30]  悟性：[ 23]  根骨：[ 22]  身法：[ 10]
[16:23:53]
[16:23:53] 你是华山派第二十代弟子， 你的师父是岳灵珊。
[16:23:53]
[16:23:53]
[16:23:53] 你曾经结束过一个生命，其中有零个是其他玩家，零个是宠物。
[16:23:53] 你共经历过零次死亡的痛苦，其中有零次是命丧其他玩家之手。
[16:23:53]
[16:23:53] 杀    气：  正常
[16:23:53] 银行存款：  无
[16:23:53]
[16:23:53] 国    籍：  无国籍                              国家积分：  0                                  
[16:23:53]
[16:23:53] 等    级：   0/1
[16:23:53] 实战经验：  零年功力□□□□□
[16:23:53]■■■■■■■■■■■■■■■■■■■■□□□□□□□□□□□□□□□□□□□□(50.00%)
[16:23:53]
[16:23:53] 道    德：  0                                   潜    能：  7041
[16:23:53] 师门忠诚：  0                                   江湖声望：  0
[16:23:53] 愿    望：  0                                   武 学 点：  0
[16:23:53] 战斗评价：  不堪一击
[16:23:53]
[16:23:53]≡━━━━━━━━━━━━━━━━━━━━━━◎北大侠客行◎━━≡
[16:23:53]> ≡━━━━━━━━━━━━━━━━━━━━━━━━━━━━━━━━≡
[16:23:53]【 精神 】 122   / 122    [100%]  【 精力 】 91    / 91    (+   0)
[16:23:53]【 气血 】 153   / 153    [100%]  【 内力 】 108   / 108   (+   0)
[16:23:53]【 食物 】 355   / 400    [缺食]  【 潜能 】 7041              
[16:23:53]【 饮水 】 321   / 400    [缺水]  【 经验 】 1000              
[16:23:53]【 状态 】 健康
[16:23:53]≡━━━━━━━━━━━━━━━━━━━━━━━◎北大侠客行◎━━≡
[16:23:53]> 以下是你目前使用中的特殊技能。
[16:23:53]
[16:23:53]                                基本功夫
[16:23:53]  内功 (force)                ： 华山内功              有效等级： 18
[16:23:53]  躲闪 (dodge)                ： 无                    有效等级：  4
[16:23:53]  招架 (parry)                ： 无                    有效等级：  1
[16:23:53]
[16:23:53]                                常用兵器
[16:23:53]  剑法 (sword)                ： 无                    有效等级：  2
[16:23:53]
[16:23:53]                                其他功夫
[16:23:53]  掌法 (strike)               ： 无                    有效等级：  3
[16:23:53]> 你目前所学过的技能：（共七项技能，你的技能等级最多能达到二十级）
[16:23:53]
[16:23:53]┌──一项基本知识─────┬─────────────┬────┬──┬───┐
[16:23:53]│  读书写字                │literate                  │新学乍用│  43│829   │
[16:23:53]├──五项基本功夫─────┼─────────────┼────┼──┼───┤
[16:23:53]│  基本轻功                │dodge                     │不堪一击│   9│43    │
[16:23:53]│  基本内功                │force                     │不堪一击│  10│33    │
[16:23:53]│  基本招架                │parry                     │不堪一击│   3│0     │
[16:23:53]│  基本掌法                │strike                    │不堪一击│   7│0     │
[16:23:53]│  基本剑法                │sword                     │不堪一击│   5│0     │
[16:23:53]├──一项特殊功夫─────┼─────────────┼────┼──┼───┤
[16:23:53]│□华山内功                │huashan-neigong           │第一重楼│  13│56    │
[16:23:53]└─────────────┴─────────────┴─◎ 北大侠客行 ◎──┘
[16:23:54]> 渡人身穿布衣走了过来。
[16:23:54]渡人往上离开。
[16:24:08]【北侠QQ群】: 47518935:浪费时间
[16:24:10]渡人身穿布衣走了过来。
[16:24:10]渡人往西离开。
[16:24:11]【任务】北大侠客行任务榜: 开始重新分配侠客榜任务....
[16:24:12]【江湖】以下是近期游戏更新――『北大侠客行完成云主机迁移』，请各位玩家注意查看。
[16:24:12]【江湖】北大侠客行于2016年12月15日，在游戏持续运行20周年之际，完……    [详情请参阅news 634]
[16:24:12]
[16:24:12]【江湖】听说本风得到一颗火◎玉髓啦。
[16:24:14]【江湖】北侠机器人grobot上线，如果有不懂的问题，请输入helpme ask 问题
[16:24:17]【求助】本贾(Jstqq): find dai yingtian
[16:24:22]【北侠QQ群】: 30964611:什么
[16:24:29]【北侠QQ群】: 47518935:学就完事了
[16:24:34]【江湖】菩三提对菩提行者大叫：救命哪！救救我啊！(zzczm daxia || help! zzczm)
[16:24:36]【北侠QQ群】: 30964611:学不了啊
[16:24:38]【求助】本贾(Jstqq): ...
[16:24:38]【求助】本贾(Jstqq): find dai yingtian
[16:24:41]【任务】北大侠客行任务榜: 侠客榜任务分配完成！
[16:24:42]【北侠QQ群】: 30964611:师傅技能没这么高啊
[16:24:42]【求助】本贾(Jstqq): ...
[16:24:42]【求助】本贾(Jstqq): find dai yingtian
[16:24:43]渡人身穿布衣走了过来。
[16:24:43]渡人往上离开。
[16:24:44]【任务】公孙止(Gongsun zhi): Ｖ静胡在绝情谷公孙止任务中获得经验一万七千九百六十二点，潜能六千五百三十一点以及声望八百二十八点。
[16:24:55]渡人身穿布衣走了过来。
[16:24:55]渡人往西离开。
[16:25:02]【北侠QQ群】: 30964611:还可以找谁学？
[16:25:07]【求助】慕容小虾(Shrimp): find mu zailong
[16:25:15]【北侠QQ群】: 夜月寒 (419215901):终极师傅啊
[16:25:23]貌似发呆了
[16:25:23]yun refresh
[16:25:23]yun recover
[16:25:23]yun regenerate
[16:25:23]jiajin basic
[16:25:23]jiali 0
[16:25:23]yield no
[16:25:23]set no_accept 1
[16:25:23]set brief 2
[16:25:23]Run-time error
[16:25:23]World: 北侠--新手
[16:25:23]Function/Sub: always_watch.timer30 called by timer
[16:25:23]Reason: 正在处理定时器 "always_watch_timer30"
[16:25:23]...\MUSHclient\worlds\xkx_public\class\michen_alias.lua:3835: attempt to concatenate field 'menpai' (a nil value)
[16:25:23]stack traceback:
[16:25:23]        ...\MUSHclient\worlds\xkx_public\class\michen_alias.lua:3835: in function 'startworkflow'
[16:25:23]        ...pkuxkx\MUSHclient\worlds\xkx_public\class\always.lua:622: in function <...pkuxkx\MUSHclient\worlds\xkx_public\class\always.lua:593>
[16:25:23]华山内功没有 refresh 这个功能。
[16:25:23]> 你现在气力充沛。
[16:25:23]> 你现在精力充沛。
[16:25:23]> 什么？
[16:25:23]> 你设定每一击用 0 点内力。
[16:25:23]> 什么？
[16:25:23]> 设定环境变量：no_accept = 1
[16:25:23]> 设定环境变量：brief = 2
[16:25:25]> 【北侠QQ群】: 30964611:/lh 
[16:25:27]渡人身穿布衣走了过来。
[16:25:27]渡人往上离开。
[16:25:33]【北侠QQ群】: 47518935:没必要都学
[16:25:35]【江湖】本八风对本风大叫：救命哪！救救我啊！(windover daxia || help! windover)
[16:25:39]渡人身穿布衣走了过来。
[16:25:39]渡人往西离开。
[16:25:46]【求助】羽(Feather): find shen long
[16:25:49]【闲聊】慕容无暇(Wuxiac): Ｖ本凝决定开始跟随阿谷儿一起行动。
[16:25:49]【闲聊】慕容无暇(Wuxiac): Ｖ本凝决定开始跟随阿谷儿一起行动。
[16:25:53]找不到 Timer 函数 "always_watch.timer30" 或者之前发生过错误。
[16:25:55]【北侠QQ群】: snowshade (1732759380):练习领悟避免不了的
[16:25:56]【闲聊】慕容无暇(Wuxiac): 相爱相杀
[16:25:56]【闲聊】慕容无暇(Wuxiac): 相爱相杀
[16:26:01]【求助】本风(Windover): find
[16:26:01]【求助】本风(Windover): find huo yongyu
[16:26:13]【闲聊】本凝(Tianmix): 这是个个妹子，我已经确定了
[16:26:13]【闲聊】本凝(Tianmix): 这是个个妹子，我已经确定了
[16:26:20]【闲聊】本凝(Tianmix): 都别抢
[16:26:20]【闲聊】本凝(Tianmix): 都别抢
[16:26:21]【求助】本黑(Darlie): find li kuaijian
[16:26:23]找不到 Timer 函数 "always_watch.timer30" 或者之前发生过错误。
[16:26:33]【求助】静牧(Priest): find qian chaoshen
[16:26:34]【闲聊】本凝(Tianmix): 好像高中刚毕业
[16:26:34]【闲聊】本凝(Tianmix): 好像高中刚毕业
[16:26:45]【求助】洪牛(Hniu): find
[16:26:45]【求助】洪牛(Hniu): find -333
[16:26:53]找不到 Timer 函数 "always_watch.timer30" 或者之前发生过错误。
[16:26:59]【北侠QQ群】: 夜月寒 (419215901):能学多少是多少
[16:27:06]【求助】洪牛(Hniu): find
[16:27:06]【求助】洪牛(Hniu): find -333
[16:27:10]【北侠QQ群】: 47518935:想玩自己学会调试是不避免不了的
[16:27:10]【闲聊】胡不归对着Ｖ本凝大叫：「Ｖ本凝，你这个臭流氓！」(stonesix || rascal tianmix)
[16:27:10]【闲聊】胡不归对着Ｖ本凝大叫：「Ｖ本凝，你这个臭流氓！」(stonesix || rascal tianmix)
[16:27:11]【江湖】还有不到一炷香的功夫，血雨腥风的日子就要告一段落了...
[16:27:13]【谣言】某人: 金两护的镖被劫匪劫去了！
[16:27:20]【求助】云英(Kknk): find
[16:27:20]【求助】云英(Kknk): find yan yinwan
[16:27:23]筱芊聪左手拿着天使之刃，右手拿着破甲 刑天之剑，身穿紧身宝甲走了过来。
[16:27:23]筱芊聪往上离开。
[16:27:23]找不到 Timer 函数 "always_watch.timer30" 或者之前发生过错误。
[16:27:38]鹅肝酱连线进入这个世界。
[16:27:39]店小二用脖子上的毛巾抹了抹手，说道：这位小兄弟，请进请进。
[16:27:49]【江湖】美八妞对美妞一霖大叫：救命哪！救救我啊！(mnyilin daxia || help! mnyilin)
[16:27:53]鹅肝酱往西离开。
[16:27:53]找不到 Timer 函数 "always_watch.timer30" 或者之前发生过错误。
[16:27:55]【北侠QQ群】: 47518935:身上东西太多了呗
[16:28:05]毫毛身穿布衣走了过来。
[16:28:07]【北侠QQ群】: 47518935:臂力太低
[16:28:07]毫毛往西离开。
[16:28:11]【江湖】听说本风得到一颗火☆精金啦。
[16:28:22]【求助】曲非烟(Diaoyuren): find
[16:28:22]【求助】曲非烟(Diaoyuren): find jia jinmei
[16:28:24]找不到 Timer 函数 "always_watch.timer30" 或者之前发生过错误。
[16:28:29]【北侠QQ群】: 546644052:不不不，这个看着不对啊
[16:28:32]【北侠QQ群】: 546644052:都错位了
[16:28:33]筱芊聪左手拿着天使之刃，右手拿着破甲 刑天之剑，身穿紧身宝甲走了过来。
[16:28:34]筱芊聪往西离开。
[16:28:41]【任务】公孙止(Gongsun zhi): Ｖ静胡在绝情谷公孙止任务中获得经验一万七千五百十四点，潜能七千零九十四点以及声望一千一百九十九点。
[16:28:53]【北侠QQ群】: 30964611:是啊 
[16:28:53]【求助】羽(Feather): find shen liu
[16:28:53]找不到 Timer 函数 "always_watch.timer30" 或者之前发生过错误。
[16:29:00]【北侠QQ群】: 30964611:要学着自己调试
[16:29:02]【求助】本贾(Jstqq): ...
[16:29:02]【求助】本贾(Jstqq): find dai yingtian
[16:29:06]【北侠QQ群】: 【神灯教】月色 (14437181):字体
[16:29:09]【求助】本贾(Jstqq): ...
[16:29:09]【求助】本贾(Jstqq): find dai yingtian
[16:29:12]【江湖】江湖又暂时恢复了表面的宁静...
[16:29:14]【江湖】有任何心得、意见和建议，请去北大侠客行论坛发贴灌水。
[16:29:18]毫毛身穿布衣走了过来。
[16:29:23]找不到 Timer 函数 "always_watch.timer30" 或者之前发生过错误。
[16:29:27]毫毛往上离开。
[16:29:29]【求助】渡麻(Mafan): find
[16:29:29]【求助】渡麻(Mafan): find wang xuanchong
[16:29:35]【北侠QQ群】: 546644052:好像不是字体额，我刚才对比了另一个的
[16:29:47]毫毛身穿布衣走了过来。
[16:29:50]毫毛往上离开。
[16:29:53]找不到 Timer 函数 "always_watch.timer30" 或者之前发生过错误。
[16:29:54]毫毛身穿布衣走了过来。
[16:29:56]毫毛往西离开。
[16:30:10]【求助】静牧(Priest): find zhou zhifu
[16:30:12]鹅肝酱身穿黑色劲装走了过来。
[16:30:13]店小二用脖子上的毛巾抹了抹手，说道：这位小兄弟，请进请进。
[16:30:20]【北侠QQ群】: 雪山-一剑轻安 (546191797):教主新版的领悟我的也跑不起来。。。但是旧版的可以。。一直在用。。。
[16:30:21]鹅肝酱往上离开。
[16:30:24]找不到 Timer 函数 "always_watch.timer30" 或者之前发生过错误。
[16:30:42]【任务】王小月(Wang xiaoyue): Ｖ江洋大道在帮助王小月追回财物后，获得山★炎晶一枚!
[16:30:54]找不到 Timer 函数 "always_watch.timer30" 或者之前发生过错误。
[16:31:04]【交易】玩家广告：法香(ccbv)在榷场出售铜哨(pipe)，只要一百两黄金，机不可失，时不再来！
[16:31:04]【交易】玩家广告现有少量位置出租，可在榷场使用post <内容>发布广告，费用一百两黄金/天。
[16:31:05]筱芊聪左手拿着天使之刃，右手拿着破甲 刑天之剑，身穿紧身宝甲走了过来。
[16:31:06]店小二笑咪咪地说道：这位小幸运，进来喝杯茶，歇歇腿吧。
[16:31:07]筱芊聪往上离开。
[16:31:24]找不到 Timer 函数 "always_watch.timer30" 或者之前发生过错误。
[16:31:27]【北侠QQ群】: 【神灯教】月色 (14437181):强制推广speedwalk/tx 
[16:31:37]【北侠QQ群】: 雪山-一剑轻安 (546191797):[自定义图片]
[16:31:40]【求助】本黑(Darlie): find ouyang sanlong
[16:31:45]鹅肝酱身穿黑色劲装走了过来。
[16:31:45]鹅肝酱往西离开。
[16:31:54]找不到 Timer 函数 "always_watch.timer30" 或者之前发生过错误。
[16:32:08]【北侠QQ群】: snowshade (1732759380):自己写一个呗，想怎么改怎么改
[16:32:24]找不到 Timer 函数 "always_watch.timer30" 或者之前发生过错误。
[16:32:28]筱芊聪左手拿着天使之刃，右手拿着破甲 刑天之剑，身穿紧身宝甲走了过来。
[16:32:29]店小二笑咪咪地说道：这位小幸运，进来喝杯茶，歇歇腿吧。
[16:32:29]【北侠QQ群】: 雪山-一剑轻安 (546191797):。。。有现成的，就不想动脑子。。。
[16:32:31]筱芊聪往西离开。
[16:32:46]鹅肝酱身穿黑色劲装走了过来。
[16:32:46]鹅肝酱往上离开。
[16:32:52]【北侠QQ群】: 1035994767:钱给我
[16:32:53]找不到 Timer 函数 "always_watch.timer30" 或者之前发生过错误。
[16:33:22]【求助】慕容小虾(Shrimp): find shan bo
[16:33:23]找不到 Timer 函数 "always_watch.timer30" 或者之前发生过错误。
[16:33:36]【求助】羽(Feather): find zheng sheng
[16:33:40]【北侠QQ群】: 本贾(jstqq) (34550055):你不小心被什么东西绊了一下，差点摔个大跟头。
[16:33:43]【北侠QQ群】: 本贾(jstqq) (34550055):贼老天
[16:33:53]score
[16:33:53]hp
[16:33:53]jifa
[16:33:53]cha
[16:33:53]所有模块加载成功！
[16:33:53]欢迎使用XKX RBT FOR MUSHCLIENT VER.2.0.0
[16:33:53]本RBT由Michen按照Kiss版本zmud7.21完整重写而成
[16:33:53]目前实现了XX、BT、GM、GB、QZ、HS、SL、XS、EM、WD和DL MP+FJ+LW+XUE+CHONGMAI+XINFA+FTB功能
[16:33:53]欢迎测试和提报BUG。
[16:33:53]≡━◎个人档案◎━━━━━━━━━━━━━━━━━━━━━━━━≡
[16:33:53]
[16:33:53]【 女剑童 】华山派女剑童 易水寒(Ysh)
[16:33:53]
[16:33:53] 你是一位十四岁的未婚女性人类，丙申年九月二十二日午时三刻生。
[16:33:53]
[16:33:53] 膂力：[ 30]  悟性：[ 23]  根骨：[ 22]  身法：[ 10]
[16:33:53]
[16:33:53] 你是华山派第二十代弟子， 你的师父是岳灵珊。
[16:33:53]
[16:33:53]
[16:33:53] 你曾经结束过一个生命，其中有零个是其他玩家，零个是宠物。
[16:33:53] 你共经历过零次死亡的痛苦，其中有零次是命丧其他玩家之手。
[16:33:53]
[16:33:53] 杀    气：  正常
[16:33:53] 银行存款：  无
[16:33:53]
[16:33:53] 国    籍：  无国籍                              国家积分：  0                                  
[16:33:53]
[16:33:53] 等    级：   0/1
[16:33:53] 实战经验：  零年功力□□□□□
[16:33:53]■■■■■■■■■■■■■■■■■■■■□□□□□□□□□□□□□□□□□□□□(50.00%)
[16:33:53]
[16:33:53] 道    德：  0                                   潜    能：  7041
[16:33:53] 师门忠诚：  0                                   江湖声望：  0
[16:33:53] 愿    望：  0                                   武 学 点：  0
[16:33:53] 战斗评价：  不堪一击
[16:33:53]
[16:33:53]≡━━━━━━━━━━━━━━━━━━━━━━◎北大侠客行◎━━≡
[16:33:53]> ≡━━━━━━━━━━━━━━━━━━━━━━━━━━━━━━━━≡
[16:33:53]【 精神 】 122   / 122    [100%]  【 精力 】 91    / 91    (+   0)
[16:33:53]【 气血 】 153   / 153    [100%]  【 内力 】 108   / 108   (+   0)
[16:33:53]【 食物 】 297   / 400    [缺食]  【 潜能 】 7041              
[16:33:53]【 饮水 】 263   / 400    [缺水]  【 经验 】 1000              
[16:33:53]【 状态 】 健康
[16:33:53]≡━━━━━━━━━━━━━━━━━━━━━━━◎北大侠客行◎━━≡
[16:33:53]> 以下是你目前使用中的特殊技能。
[16:33:53]
[16:33:53]                                基本功夫
[16:33:53]  内功 (force)                ： 华山内功              有效等级： 18
[16:33:53]  躲闪 (dodge)                ： 无                    有效等级：  4
[16:33:53]  招架 (parry)                ： 无                    有效等级：  1
[16:33:53]
[16:33:53]                                常用兵器
[16:33:53]  剑法 (sword)                ： 无                    有效等级：  2
[16:33:53]
[16:33:53]                                其他功夫
[16:33:53]  掌法 (strike)               ： 无                    有效等级：  3
[16:33:53]> 你目前所学过的技能：（共七项技能，你的技能等级最多能达到二十级）
[16:33:53]
[16:33:53]┌──一项基本知识─────┬─────────────┬────┬──┬───┐
[16:33:53]│  读书写字                │literate                  │新学乍用│  43│829   │
[16:33:53]├──五项基本功夫─────┼─────────────┼────┼──┼───┤
[16:33:53]│  基本轻功                │dodge                     │不堪一击│   9│43    │
[16:33:53]│  基本内功                │force                     │不堪一击│  10│33    │
[16:33:53]│  基本招架                │parry                     │不堪一击│   3│0     │
[16:33:53]│  基本掌法                │strike                    │不堪一击│   7│0     │
[16:33:53]│  基本剑法                │sword                     │不堪一击│   5│0     │
[16:33:53]├──一项特殊功夫─────┼─────────────┼────┼──┼───┤
[16:33:53]│□华山内功                │huashan-neigong           │第一重楼│  13│56    │
[16:33:53]└─────────────┴─────────────┴─◎ 北大侠客行 ◎──┘
[16:34:07]> 李小楼身穿青色道袍走了过来。
[16:34:08]鹅肝酱身穿黑色劲装走了过来。
[16:34:09]鹅肝酱往西离开。
[16:34:12]【江湖】以下是近期游戏更新――『北大侠客行完成云主机迁移』，请各位玩家注意查看。
[16:34:12]【江湖】北大侠客行于2016年12月15日，在游戏持续运行20周年之际，完……    [详情请参阅news 634]
[16:34:12]
[16:34:14]【江湖】北侠机器人grobot上线，如果有不懂的问题，请输入helpme ask 问题
[16:34:15]李小楼往上离开。
[16:34:15]【求助】静牧(Priest): find gongsun chaofu
[16:34:21]【北侠QQ群】: 本贾(jstqq) (34550055):毫毛对满地的刀不感兴趣？
[16:34:26]【求助】渡云(Windoverq): find
[16:34:26]【求助】渡云(Windoverq): find cao shaoyong
[16:34:34]【求助】华英雄(Projectb): ...
[16:34:35]【求助】华英雄(Projectb): find fei cheng
[16:34:36]鹅肝酱身穿黑色劲装走了过来。
[16:34:36]鹅肝酱往上离开。
[16:34:47]【任务】林震南(Lin zhennan): 红糖糍粑在帮助林震南追回财物后，获得山★木灵一枚!
[16:34:48]【北侠QQ群】: snowshade (1732759380):毫毛表示包满了
[16:34:51]建议经常使用save及backup命令保存和备份档案，避免造成意外损失。
[16:34:55]【北侠QQ群】: snowshade (1732759380):最近乱丢垃圾的人太多
[16:34:55]【谣言】某人: 玩儿在万安塔第四层力战而死了。
[16:35:04]score
[16:35:04]jifa
[16:35:04]skills -c
[16:35:04]hp
[16:35:04]set rbt=start
[16:35:04]鹅肝酱身穿黑色劲装走了过来。
[16:35:04]≡━◎个人档案◎━━━━━━━━━━━━━━━━━━━━━━━━≡
[16:35:04]
[16:35:04]【 女剑童 】华山派女剑童 易水寒(Ysh)
[16:35:04]
[16:35:04] 你是一位十四岁的未婚女性人类，丙申年九月二十二日午时三刻生。
[16:35:04]
[16:35:04] 膂力：[ 30]  悟性：[ 23]  根骨：[ 22]  身法：[ 10]
[16:35:04]
[16:35:04] 你是华山派第二十代弟子， 你的师父是岳灵珊。
[16:35:04]
[16:35:04]
[16:35:04] 你曾经结束过一个生命，其中有零个是其他玩家，零个是宠物。
[16:35:04] 你共经历过零次死亡的痛苦，其中有零次是命丧其他玩家之手。
[16:35:04]
[16:35:04] 杀    气：  正常
[16:35:04] 银行存款：  无
[16:35:04]
[16:35:04] 国    籍：  无国籍                              国家积分：  0                                  
[16:35:04]
[16:35:04] 等    级：   0/1
[16:35:04] 实战经验：  零年功力□□□□□
[16:35:04]■■■■■■■■■■■■■■■■■■■■□□□□□□□□□□□□□□□□□□□□(50.00%)
[16:35:04]
[16:35:04] 道    德：  0                                   潜    能：  7041
[16:35:04] 师门忠诚：  0                                   江湖声望：  0
[16:35:04] 愿    望：  0                                   武 学 点：  0
[16:35:04] 战斗评价：  不堪一击
[16:35:04]
[16:35:04]≡━━━━━━━━━━━━━━━━━━━━━━◎北大侠客行◎━━≡
[16:35:04]> 以下是你目前使用中的特殊技能。
[16:35:04]
[16:35:04]                                基本功夫
[16:35:04]  内功 (force)                ： 华山内功              有效等级： 18
[16:35:04]  躲闪 (dodge)                ： 无                    有效等级：  4
[16:35:04]  招架 (parry)                ： 无                    有效等级：  1
[16:35:04]
[16:35:04]                                常用兵器
[16:35:04]  剑法 (sword)                ： 无                    有效等级：  2
[16:35:04]
[16:35:04]                                其他功夫
[16:35:04]  掌法 (strike)               ： 无                    有效等级：  3
[16:35:04]> 周围有这个人吗？只有巫师，夫妻，或有师徒关系的人能察看他人的技能。
[16:35:04]> ≡━━━━━━━━━━━━━━━━━━━━━━━━━━━━━━━━≡
[16:35:04]【 精神 】 122   / 122    [100%]  【 精力 】 91    / 91    (+   0)
[16:35:04]【 气血 】 153   / 153    [100%]  【 内力 】 108   / 108   (+   0)
[16:35:04]【 食物 】 291   / 400    [缺食]  【 潜能 】 7041              
[16:35:04]【 饮水 】 257   / 400    [缺水]  【 经验 】 1000              
[16:35:04]【 状态 】 健康
[16:35:04]≡━━━━━━━━━━━━━━━━━━━━━━━◎北大侠客行◎━━≡
[16:35:04]> 设定环境变量：rbt=start = 1
[16:35:05]> 店小二笑咪咪地说道：这位小兄弟，进来喝杯茶，歇歇腿吧。
[16:35:06]鹅肝酱往上离开。
[16:35:12]【北侠QQ群】: 1035994767:不是不。。。
[16:35:22]【北侠QQ群】: 雪山-一剑轻安 (546191797):。。。毫毛的包也会满么。。。我一直以为他带的是次元袋。。。
[16:35:23]【北侠QQ群】: 本贾(jstqq) (34550055):我觉得毫毛是在忏悔了，一动不动
[16:35:23]【求助】本黑(Darlie): find tang feng
[16:35:25]【北侠QQ群】: 1035994767:不是吧。我一直缺钱啊
[16:35:32]【任务】韩员外(Han yuanwai): 本聪在韩员外复仇任务中获得经验一万一千八百六十四点、潜能二万三千零六十三点以及声望三千零四十八点。
[16:35:33]鹅肝酱身穿黑色劲装走了过来。
[16:35:33]鹅肝酱往西离开。
[16:35:40]鹅肝酱身穿黑色劲装走了过来。
[16:35:40]鹅肝酱往上离开。
[16:35:41]【求助】曲非烟(Diaoyuren): find
[16:35:41]【求助】曲非烟(Diaoyuren): find -333
[16:35:44]【北侠QQ群】: 297437000:毫毛觉得刀太便宜了
[16:35:52]【求助】洪牛(Hniu): find
[16:35:52]【求助】洪牛(Hniu): find jin zhaohui
[16:36:23]貌似发呆了
[16:36:23]yun refresh
[16:36:23]yun recover
[16:36:23]yun regenerate
[16:36:23]jiajin basic
[16:36:23]jiali 0
[16:36:23]yield no
[16:36:23]set no_accept 1
[16:36:23]set brief 2
[16:36:23]unwield 
[16:36:23]i
[16:36:23]look he
[16:36:23]look yaodai
[16:36:23]set checkitems=yes
[16:36:23]华山内功没有 refresh 这个功能。
[16:36:23]> 你现在气力充沛。
[16:36:23]> 你现在精力充沛。
[16:36:23]> 什么？
[16:36:23]> 你设定每一击用 0 点内力。
[16:36:23]> 什么？
[16:36:23]> 设定环境变量：no_accept = 1
[16:36:23]> 设定环境变量：brief = 2
[16:36:23]> 你要脱掉什么？
[16:36:23]> ┌──────────────────────────────────────────────────┐
[16:36:23]│        你身上带着四件东西          (负重  1%)：                                                    │
[16:36:23]├───────────────────────[装  备]───────────────────────┤
[16:36:23]│                                 -- [帽子]__      __[副兵] --                                 │
[16:36:23]│                                 -- [护面]__    o  o ☆ __[护腕] --                                 │
[16:36:23]│                                 -- [披风]__   y濞y __[手套] --                                 │
[16:36:23]│                                 -- [护肩]__ |Ψ   __[铠甲] --                                 │
[16:36:23]│                      白绸衫   (+3) [衣服]__ y __[护肩] --                                 │
[16:36:23]│                                 -- [腰带]__   T     __[盾牌] --                                 │
[16:36:23]│                                 -- [主兵]__ ★禁   __[护腿] --                                 │
[16:36:23]│                                 -- [护腿]__ {  { __[鞋子] 三寸金莲   (+1)                    │
[16:36:23]├───────────────────────[饰  品]───────────────────────┤
[16:36:23]│  Ψ[项链]                   --                                      --                   [护心]・  │
[16:36:23]│  ★[戒指]                   --                                      --                   [戒指]☆  │
[16:36:23]├───────────────────────[其  它]───────────────────────┤
[16:36:23]│路引(Lu yin)                                      锦囊(Jin nang)                                    │
[16:36:23]t──────────────────────────────────────────────────s
[16:36:23]> 你要看什么？
[16:36:23]> 你要看什么？
[16:36:23]> 设定环境变量：checkitems=yes = 1
[16:36:42]l
[16:36:42]>                           客店二楼             
[16:36:42]                             〓     
[16:36:42]                 北大街-----客店               
[16:36:42]                                    
[16:36:42]                                               
[16:36:42]
[16:36:42]客店 - 
[16:36:42]
[16:36:42]    这是一家价钱低廉的客栈，生意非常兴隆。外地游客多选择这里落脚，你可
[16:36:42]以在这里打听到各地的风土人情。店小二里里外外忙得团团转，接待着南腔北调
[16:36:42]的客人。客店的主人从不露面，他究竟是谁，有各种各样的猜测。墙上挂着一个
[16:36:42]牌子(paizi)。
[16:36:42]    你可以看看(look):paizi
[16:36:42]
[16:36:42]    这里明显的出口是 west 和 up。
[16:36:42]
[16:36:42]    客店留言板(Board) [ 157 张留言，157 张未读 ]
[16:36:42]    武学大师 剑胆琴心 Ｖ渡钻(Duzuan)
[16:36:42]    武学大师 飞剑客 渡铜(Dutong)
[16:36:42]    丐帮九袋长老「天宝兔车行」叮叮兔(Dingdingtu)
[16:36:42]    天眷者 天福镖局少镖头 Ｖ蟾宫主人(Hamawz)
[16:36:42]    善人 天龙寺第十五代弟子「天宝兔车行」Ｖ本醉(Ttcnwai)
[16:36:42]    武学大师 月夜人屠 渡银(Duyin)
[16:36:42]    绝情谷长老「镜子镜子谁是世界上最美的妞？」美妞一霖(Mnyilin)
[16:36:42]    武学大师 银钩铁划 Ｖ渡金(Dujin)
[16:36:42]    江南东路安抚使 Ｖ莫小贝(Marsh)
[16:36:42]    武学大师 飞马镖局总镖头 Ｖ渡白(Chienyy)
[16:36:42]    大漠孤鸿「轻剑惊鸿藏锋重剑大巧不工」Ｖ光头强(Nri)
[16:36:42]    店小二(Xiao er)
[16:36:42]    节日使者 天神随从(Tianshen suicong)
[16:36:42]    日月神教 引路人 荆四慕(Jing simu)
[16:36:43]w
[16:36:43]>                            北大街              
[16:36:43]                             ｜     
[16:36:43]               扬州钱庄----北大街----客店      
[16:36:43]                             ｜   ＼
[16:36:43]                          中央广场   比武场    
[16:36:43]北大街
[16:36:43]    这里明显的出口是 north、south、east、southeast 和 west。
[16:36:43]    流氓头(Liumang tou)
[16:36:43]    流氓(Liu mang)
[16:36:43]    少林刀僧 行者(Xingzhe)
[16:36:45]n
[16:36:45]>                             北门               
[16:36:45]                             ｜     
[16:36:45]                   武庙----北大街----醉仙楼    
[16:36:45]                             ｜     
[16:36:45]                           北大街              
[16:36:45]北大街
[16:36:45]    这里明显的出口是 north、south、east 和 west。
[16:36:46]s
[16:36:46]>                            北大街              
[16:36:46]                             ｜     
[16:36:46]               扬州钱庄----北大街----客店      
[16:36:46]                             ｜   ＼
[16:36:46]                          中央广场   比武场    
[16:36:46]北大街
[16:36:46]    这里明显的出口是 north、south、east、southeast 和 west。
[16:36:46]    流氓头(Liumang tou)
[16:36:46]    流氓(Liu mang)
[16:36:46]    少林刀僧 行者(Xingzhe)
[16:36:46]s
[16:36:46]>                            北大街              
[16:36:46]                             ｜     
[16:36:46]                 西大街---中央广场---东大街    
[16:36:46]                             ｜     
[16:36:46]                           南大街              
[16:36:46]中央广场
[16:36:46]    这里明显的出口是 north、south、east、down、west 和 up。
[16:36:46]    武当派叛徒 地痞(Di pi) <战斗中>
[16:36:46]    全真派女道童 阿谷儿(Ogwen) <战斗中>
[16:36:46]    降龙伏虎 Ｖ本凝(Tianmix)
[16:36:46]    大榕树(Rong shu)
[16:36:46]> Ｖ本凝决定开始跟随阿谷儿一起行动。
[16:36:46]Ｖ本凝踏前一步，一指隔空点向阿谷儿胸前大穴，认穴竟无厘毫之差！
[16:36:46]结果阿谷儿被Ｖ本凝一阳指内力点中，全身气脉通道阻塞，真气立受干挠！
[16:36:46]Ｖ本凝身行向后一跃，跳出战圈不打了。
[16:36:46]e
[16:36:46]                            书院               
[16:36:46]                             ｜     
[16:36:46]               中央广场----东大街----东大街    
[16:36:46]                             ｜     
[16:36:46]                           杂货铺              
[16:36:46]东大街
[16:36:46]    这里明显的出口是 north、south、east 和 west。
[16:36:46]    流氓头(Liumang tou)
[16:36:46]    二位流氓(Liu mang)
[16:36:46]> 【求助】洪牛(Hniu): find
[16:36:46]【求助】洪牛(Hniu): find fan jiulong
[16:36:47]n
[16:36:47]                           敬师堂              
[16:36:47]                             ｜     
[16:36:47]               天月书肆-----书院               
[16:36:47]                             ｜     
[16:36:47]                           东大街              
[16:36:47]书院
[16:36:47]    这里明显的出口是 north、south 和 west。
[16:36:47]    夫子(Fu zi)
[16:36:47]> 【求助】慕容小虾(Shrimp): ...
[16:36:47]【求助】慕容小虾(Shrimp): find shan bo
[16:36:51]【求助】羽(Feather): find ruan tianhua
[16:37:01]【江湖】晋阳城中有毛头小贼横行，据说此贼带有价值尚可的财宝！
[16:37:01]【江湖】大理城中有毛头小贼横行，据说此贼带有价值尚可的财宝！
[16:37:01]【江湖】襄阳城中有毛头小贼横行，据说此贼带有价值尚可的财宝！
[16:37:01]【江湖】苏州城中有毛头小贼横行，据说此贼带有价值尚可的财宝！
[16:37:01]【江湖】晋阳城中有飞贼首领横行，据说此贼带有价值可观的财宝！
[16:37:26]score
[16:37:26]jifa
[16:37:26]skills -c
[16:37:26]hp
[16:37:26]set rbt=start
[16:37:26]≡━◎个人档案◎━━━━━━━━━━━━━━━━━━━━━━━━≡
[16:37:26]
[16:37:26]【 女剑童 】华山派女剑童 易水寒(Ysh)
[16:37:26]
[16:37:26] 你是一位十四岁的未婚女性人类，丙申年九月二十二日午时三刻生。
[16:37:26]
[16:37:26] 膂力：[ 30]  悟性：[ 23]  根骨：[ 22]  身法：[ 10]
[16:37:26]
[16:37:26] 你是华山派第二十代弟子， 你的师父是岳灵珊。
[16:37:26]
[16:37:26]
[16:37:26] 你曾经结束过一个生命，其中有零个是其他玩家，零个是宠物。
[16:37:26] 你共经历过零次死亡的痛苦，其中有零次是命丧其他玩家之手。
[16:37:26]
[16:37:26] 杀    气：  正常
[16:37:26] 银行存款：  无
[16:37:26]
[16:37:26] 国    籍：  无国籍                              国家积分：  0                                  
[16:37:26]
[16:37:26] 等    级：   0/1
[16:37:26] 实战经验：  零年功力□□□□□
[16:37:26]■■■■■■■■■■■■■■■■■■■■□□□□□□□□□□□□□□□□□□□□(50.00%)
[16:37:26]
[16:37:26] 道    德：  0                                   潜    能：  7041
[16:37:26] 师门忠诚：  0                                   江湖声望：  0
[16:37:26] 愿    望：  0                                   武 学 点：  0
[16:37:26] 战斗评价：  不堪一击
[16:37:26]
[16:37:26]≡━━━━━━━━━━━━━━━━━━━━━━◎北大侠客行◎━━≡
[16:37:26]> 以下是你目前使用中的特殊技能。
[16:37:26]
[16:37:26]                                基本功夫
[16:37:26]  内功 (force)                ： 华山内功              有效等级： 18
[16:37:26]  躲闪 (dodge)                ： 无                    有效等级：  4
[16:37:26]  招架 (parry)                ： 无                    有效等级：  1
[16:37:26]
[16:37:26]                                常用兵器
[16:37:26]  剑法 (sword)                ： 无                    有效等级：  2
[16:37:26]
[16:37:26]                                其他功夫
[16:37:26]  掌法 (strike)               ： 无                    有效等级：  3
[16:37:26]> 周围有这个人吗？只有巫师，夫妻，或有师徒关系的人能察看他人的技能。
[16:37:26]> ≡━━━━━━━━━━━━━━━━━━━━━━━━━━━━━━━━≡
[16:37:26]【 精神 】 122   / 122    [100%]  【 精力 】 91    / 91    (+   0)
[16:37:26]【 气血 】 153   / 153    [100%]  【 内力 】 108   / 108   (+   0)
[16:37:26]【 食物 】 279   / 400    [缺食]  【 潜能 】 7041              
[16:37:26]【 饮水 】 245   / 400    [缺水]  【 经验 】 1000              
[16:37:26]【 状态 】 健康
[16:37:26]≡━━━━━━━━━━━━━━━━━━━━━━━◎北大侠客行◎━━≡
[16:37:26]> 设定环境变量：rbt=start = 1
[16:37:26]> 【任务】公孙止(Gongsun zhi): Ｖ静胡在绝情谷公孙止任务中获得经验一万七千九百六十五点，潜能一万二千四百七十八点以及声望一千三百十一点。
[16:37:28]【求助】慕容小虾(Shrimp): find duan shengluan
[16:37:28]【任务】韩世忠(Han shizhong): 欧阳劲清除异族奸细，被奖励了一万零七百二十五点经验、三千九百三十九点潜能、一千三百零八点江湖声望，一级英雄剑法！
[16:37:28]
[16:37:32]【求助】本段(Maxwaz): ...
[16:37:32]【求助】本段(Maxwaz): find zheng ba
[16:37:35]【求助】曲非烟(Diaoyuren): find
[16:37:35]【求助】曲非烟(Diaoyuren): find zhu mei
[16:37:40]【求助】静牧(Priest): find fan si
[16:37:51]l
[16:37:51]                           敬师堂              
[16:37:51]                             ｜     
[16:37:51]               天月书肆-----书院               
[16:37:51]                             ｜     
[16:37:51]                           东大街              
[16:37:51]
[16:37:51]书院 - 
[16:37:51]
[16:37:51]    这里是书院的讲堂，窗明几净，一尘不染。一位庄重严肃的老者坐在太师椅上
[16:37:51]讲学，那就是扬州城最有学问的夫子了。在他的两侧坐满了求学的学生。一张古意
[16:37:51]盎然的书案放在夫子的前面，案上摆着几本翻开了的线装书籍。夫子的身后是一个
[16:37:51]书架(shujia)讲堂内多历代楹联石刻，足见书院历史的悠久。值得一提的是嵌在讲
[16:37:51]堂前左壁的学规(xuegui)。
[16:37:51]    你可以看看(look):xuegui
[16:37:51]
[16:37:51]    这里明显的出口是 north、south 和 west。
[16:37:51]
[16:37:51]    夫子(Fu zi)
[16:37:52]s
[16:37:53]>                             书院               
[16:37:53]                             ｜     
[16:37:53]               中央广场----东大街----东大街    
[16:37:53]                             ｜     
[16:37:53]                           杂货铺              
[16:37:53]东大街
[16:37:53]    这里明显的出口是 north、south、east 和 west。
[16:37:53]    流氓头(Liumang tou)
[16:37:53]    二位流氓(Liu mang)
[16:37:54]w
[16:37:54]>                            北大街              
[16:37:54]                             ｜     
[16:37:54]                 西大街---中央广场---东大街    
[16:37:54]                             ｜     
[16:37:54]                           南大街              
[16:37:54]中央广场
[16:37:54]    这里明显的出口是 north、south、east、down、west 和 up。
[16:37:54]    武当派叛徒 地痞(Di pi) <战斗中>
[16:37:54]    全真派女道童 阿谷儿(Ogwen) <战斗中>
[16:37:54]    降龙伏虎 Ｖ本凝(Tianmix)
[16:37:54]    大榕树(Rong shu)
[16:37:54]> Ｖ本凝决定开始跟随阿谷儿一起行动。
[16:37:54]w
[16:37:54]                          衙门大门             
[16:37:54]                             ｜     
[16:37:54]                 西大街----西大街----中央广场  
[16:37:54]                             ｜     
[16:37:54]                          兵营大门             
[16:37:54]西大街
[16:37:54]    这里明显的出口是 north、south、east 和 west。
[16:37:54]    流氓(Liu mang)
[16:37:55]w
[16:37:55]>                           财主大门             
[16:37:55]                             ｜     
[16:37:55]                 西大街----西大街----西大街    
[16:37:55]                             ｜     
[16:37:55]                           奇珍阁              
[16:37:55]西大街
[16:37:55]    这里明显的出口是 north、south、east 和 west。
[16:37:58]e
[16:37:58]>                           衙门大门             
[16:37:58]                             ｜     
[16:37:58]                 西大街----西大街----中央广场  
[16:37:58]                             ｜     
[16:37:58]                          兵营大门             
[16:37:58]西大街
[16:37:58]    这里明显的出口是 north、south、east 和 west。
[16:37:58]    流氓(Liu mang)
[16:38:03]e
[16:38:03]>                            北大街              
[16:38:03]                             ｜     
[16:38:03]                 西大街---中央广场---东大街    
[16:38:03]                             ｜     
[16:38:03]                           南大街              
[16:38:03]中央广场
[16:38:03]    这里明显的出口是 north、south、east、down、west 和 up。
[16:38:03]    少林长老 渡人(Doren)
[16:38:03]    武当派叛徒 地痞(Di pi) <战斗中>
[16:38:03]    全真派女道童 阿谷儿(Ogwen) <战斗中>
[16:38:03]    降龙伏虎 Ｖ本凝(Tianmix)
[16:38:03]    大榕树(Rong shu)
[16:38:03]> Ｖ本凝决定开始跟随阿谷儿一起行动。
[16:38:03]渡人往南离开。
[16:38:04]Ｖ本凝决定开始跟随阿谷儿一起行动。
[16:38:04]s
[16:38:04]                          中央广场             
[16:38:04]                             ｜     
[16:38:04]                   赌场----南大街----当铺      
[16:38:04]                             ｜     
[16:38:04]                           南大街              
[16:38:04]南大街
[16:38:04]    这里明显的出口是 north、south、east 和 west。
[16:38:04]    流氓(Liu mang)
[16:38:05]n
[16:38:05]>                            北大街              
[16:38:05]                             ｜     
[16:38:05]                 西大街---中央广场---东大街    
[16:38:05]                             ｜     
[16:38:05]                           南大街              
[16:38:05]中央广场
[16:38:05]    这里明显的出口是 north、south、east、down、west 和 up。
[16:38:05]    武当派叛徒 地痞(Di pi) <战斗中>
[16:38:05]    全真派女道童 阿谷儿(Ogwen) <战斗中>
[16:38:05]    降龙伏虎 Ｖ本凝(Tianmix)
[16:38:05]    大榕树(Rong shu)
[16:38:05]n
[16:38:05]>                            北大街              
[16:38:05]                             ｜     
[16:38:05]               扬州钱庄----北大街----客店      
[16:38:05]                             ｜   ＼
[16:38:05]                          中央广场   比武场    
[16:38:05]北大街
[16:38:05]    这里明显的出口是 north、south、east、southeast 和 west。
[16:38:05]    流氓头(Liumang tou)
[16:38:05]    流氓(Liu mang)
[16:38:05]    少林刀僧 行者(Xingzhe)
[16:38:06]n
[16:38:07]>                             北门               
[16:38:07]                             ｜     
[16:38:07]                   武庙----北大街----醉仙楼    
[16:38:07]                             ｜     
[16:38:07]                           北大街              
[16:38:07]北大街
[16:38:07]    这里明显的出口是 north、south、east 和 west。
[16:38:07]>
[16:38:07]w
[16:38:07]>              巫师会客室    名人堂              
[16:38:07]                        ＼   〓     
[16:38:07]                            武庙-----北大街    
[16:38:07]                             〓     
[16:38:07]                         神之角斗场            
[16:38:07]武庙
[16:38:07]    这里明显的出口是 east、down、northwest 和 up。
[16:38:07]    少林长老 渡金(Goldenb)
[16:38:07]    善缘簿(Board)
[16:38:07]    功德箱(Gongde xiang)
[16:38:10]> 【任务】王小月(Wang xiaoyue): Ｖ星野天河在帮助王小月追回财物后，获得风★炎晶一枚!
[16:38:10]述律左手拿着大砍刀，右手拿着青锋剑，身穿北侠战衣走了过来。
[16:38:24]【求助】本风(Windover): find
[16:38:25]【求助】本风(Windover): find cao qingtao
[16:38:28]渡金挥舞着一张百元大吵，叫嚷到：「大爷过来玩嘛！」
[16:38:51]ask goldenb about liaoshang
[16:38:51]你向渡金打听有关『liaoshang』的消息。
[16:38:53]> 
[16:38:53]貌似发呆了
[16:38:53]yun refresh
[16:38:53]yun recover
[16:38:53]yun regenerate
[16:38:53]jiajin basic
[16:38:53]jiali 0
[16:38:53]yield no
[16:38:53]set no_accept 1
[16:38:53]set brief 2
[16:38:53]Run-time error
[16:38:53]World: 北侠--新手
[16:38:53]Immediate execution
[16:38:53]...\MUSHclient\worlds\xkx_public\class\michen_alias.lua:4123: attempt to compare two nil values
[16:38:53]stack traceback:
[16:38:53]        ...\MUSHclient\worlds\xkx_public\class\michen_alias.lua:4123: in function 'startworkflow_hs_mp'
[16:38:53]        ...\MUSHclient\worlds\xkx_public\class\michen_alias.lua:4090: in function 'startworkflow_hs'
[16:38:53]        [string "Command line"]:1: in main chunk
[16:38:53]        [C]: in function 'Execute'
[16:38:53]        ...\MUSHclient\worlds\xkx_public\class\michen_alias.lua:3835: in function 'startworkflow'
[16:38:53]        ...pkuxkx\MUSHclient\worlds\xkx_public\class\always.lua:622: in function <...pkuxkx\MUSHclient\worlds\xkx_public\class\always.lua:593>
[16:38:53]对不起，武庙你只能老实呆着。
[16:38:53]> 对不起，武庙你只能老实呆着。
[16:38:53]> 对不起，武庙你只能老实呆着。
[16:38:53]> 什么？
[16:38:53]> 你设定每一击用 0 点内力。
[16:38:53]> 什么？
[16:38:53]> 设定环境变量：no_accept = 1
[16:38:53]> 设定环境变量：brief = 2
[16:39:07]> 述律往东离开。
[16:39:09]述律左手拿着大砍刀，右手拿着青锋剑，身穿北侠战衣走了过来。
